Load "DOME\\DOME.axf" 
Set JLink Project File to "d:\TEMP\stm32\DOME\MDK-ARM\JLinkSettings.ini"* JLink Info: Device "STM32F103C8" selected.

JLink info:
------------
DLL: V7.22b, compiled Jun 17 2021 17:22:49
Firmware: J-Link ARM-OB STM32 compiled Aug 22 2012 19:52:04
Hardware: V7.00
S/N : 20090928 
Feature(s) : RDI,FlashDL,FlashBP,JFlash,GDB 

* JLink Info: InitTarget() start
* JLink Info: InitTarget() end
* JLink Info: Found SW-DP with ID 0x2BA01477
* JLink Info: DPv0 detected
* JLink Info: Scanning AP map to find all available APs
* JLink Info: AP[1]: Stopped AP scan as end of AP map has been reached
* JLink Info: AP[0]: AHB-AP (IDR: 0x24770011)
* JLink Info: Iterating through AP map to find AHB-AP to use
* JLink Info: AP[0]: Core found
* JLink Info: AP[0]: AHB-AP ROM base: 0xE00FF000
* JLink Info: CPUID register: 0x412FC231. Implementer code: 0x41 (ARM)
* JLink Info: Found Cortex-M3 r2p1, Little endian.
* JLink Info: FPUnit: 6 code (BP) slots and 2 literal slots
* JLink Info: CoreSight components:
* JLink Info: ROMTbl[0] @ E00FF000
* JLink Info: ROMTbl[0][0]: E000E000, CID: B105E00D, PID: 000BB000 SCS
* JLink Info: ROMTbl[0][1]: E0001000, CID: B105E00D, PID: 003BB002 DWT
* JLink Info: ROMTbl[0][2]: E0002000, CID: B105E00D, PID: 002BB003 FPB
* JLink Info: ROMTbl[0][3]: E0000000, CID: B105E00D, PID: 003BB001 ITM
* JLink Info: ROMTbl[0][4]: E0040000, CID: B105900D, PID: 003BB923 TPIU-Lite
ROMTableAddr = 0xE00FF000
* JLink Info: Reset: Halt core after reset via DEMCR.VC_CORERESET.
* JLink Info: Reset: Reset device via AIRCR.SYSRESETREQ.

Target info:
------------
Device: STM32F103C8
VTarget = 3.300V
State of Pins: TCK: 0, TDI: 0, TDO: 1, TMS: 0, TRES: 1, TRST: 0
Hardware-Breakpoints: 6
Software-Breakpoints: 8192
Watchpoints:          4
JTAG speed: 4000 kHz

Erase Done.Programming Done.Verify OK.* JLink Info: Reset: Halt core after reset via DEMCR.VC_CORERESET.
* JLink Info: Reset: Reset device via AIRCR.SYSRESETREQ.
Application running ...
Flash Load finished at 11:08:48
